0 info it worked if it ends with ok
1 verbose cli [ '/usr/local/bin/node', '/usr/local/bin/npm', 'start' ]
2 info using npm@4.0.5
3 info using node@v7.4.0
4 verbose run-script [ 'prestart', 'start', 'poststart' ]
5 info lifecycle bigfoot@0.0.1~prestart: bigfoot@0.0.1
6 silly lifecycle bigfoot@0.0.1~prestart: no script for prestart, continuing
7 info lifecycle bigfoot@0.0.1~start: bigfoot@0.0.1
8 verbose lifecycle bigfoot@0.0.1~start: unsafe-perm in lifecycle true
9 verbose lifecycle bigfoot@0.0.1~start: PATH: /usr/local/lib/node_modules/npm/bin/node-gyp-bin:/Users/jdario/Development/bigfoot/node_modules/.bin:/Users/jdario/.rvm/gems/ruby-2.2.0/bin:/Users/jdario/.rvm/gems/ruby-2.2.0@global/bin:/Users/jdario/.rvm/rubies/ruby-2.2.0/bin:/Users/jdario/.fastlane/bin:/usr/local/bin:/usr/bin:/bin:/usr/sbin:/sbin:/usr/local/bin:/opt/X11/bin:/Library/TeX/texbin:/Users/jdario/.rvm/gems/ruby-2.2.0/bin:/Users/jdario/.rvm/gems/ruby-2.2.0@global/bin:/Users/jdario/.rvm/rubies/ruby-2.2.0/bin:/usr/local/sbin:/usr/bin:/bin:/usr/sbin:/sbin:/usr/local/bin:/opt/X11/bin:/Library/TeX/texbin:/Users/jdario/.node/bin:/Users/jdario/.rvm/bin
10 verbose lifecycle bigfoot@0.0.1~start: CWD: /Users/jdario/Development/bigfoot
11 silly lifecycle bigfoot@0.0.1~start: Args: [ '-c', 'node ./samples/mock-device' ]
12 silly lifecycle bigfoot@0.0.1~start: Returned: code: 1  signal: null
13 info lifecycle bigfoot@0.0.1~start: Failed to exec start script
14 verbose stack Error: bigfoot@0.0.1 start: `node ./samples/mock-device`
14 verbose stack Exit status 1
14 verbose stack     at EventEmitter.<anonymous> (/usr/local/lib/node_modules/npm/lib/utils/lifecycle.js:279:16)
14 verbose stack     at emitTwo (events.js:106:13)
14 verbose stack     at EventEmitter.emit (events.js:191:7)
14 verbose stack     at ChildProcess.<anonymous> (/usr/local/lib/node_modules/npm/lib/utils/spawn.js:40:14)
14 verbose stack     at emitTwo (events.js:106:13)
14 verbose stack     at ChildProcess.emit (events.js:191:7)
14 verbose stack     at maybeClose (internal/child_process.js:885:16)
14 verbose stack     at Process.ChildProcess._handle.onexit (internal/child_process.js:226:5)
15 verbose pkgid bigfoot@0.0.1
16 verbose cwd /Users/jdario/Development/bigfoot
17 error Darwin 15.6.0
18 error argv "/usr/local/bin/node" "/usr/local/bin/npm" "start"
19 error node v7.4.0
20 error npm  v4.0.5
21 error code ELIFECYCLE
22 error bigfoot@0.0.1 start: `node ./samples/mock-device`
22 error Exit status 1
23 error Failed at the bigfoot@0.0.1 start script 'node ./samples/mock-device'.
23 error Make sure you have the latest version of node.js and npm installed.
23 error If you do, this is most likely a problem with the bigfoot package,
23 error not with npm itself.
23 error Tell the author that this fails on your system:
23 error     node ./samples/mock-device
23 error You can get information on how to open an issue for this project with:
23 error     npm bugs bigfoot
23 error Or if that isn't available, you can get their info via:
23 error     npm owner ls bigfoot
23 error There is likely additional logging output above.
24 verbose exit [ 1, true ]
