0 info it worked if it ends with ok
1 verbose cli [ '/usr/local/bin/node', '/usr/local/bin/npm', 'start' ]
2 info using npm@4.0.5
3 info using node@v7.4.0
4 verbose run-script [ 'prestart', 'start', 'poststart' ]
5 info lifecycle bigfoot-discovery@0.0.1~prestart: bigfoot-discovery@0.0.1
6 silly lifecycle bigfoot-discovery@0.0.1~prestart: no script for prestart, continuing
7 info lifecycle bigfoot-discovery@0.0.1~start: bigfoot-discovery@0.0.1
8 verbose lifecycle bigfoot-discovery@0.0.1~start: unsafe-perm in lifecycle true
9 verbose lifecycle bigfoot-discovery@0.0.1~start: PATH: /usr/local/lib/node_modules/npm/bin/node-gyp-bin:/Users/fcojriosbello/Documents/Development/bigfoot-switch/node_modules/.bin:/Users/fcojriosbello/.fastlane/bin:/usr/local/share/npm/bin:/Users/fcojriosbello/Library/Android/sdk/platform-tools/:/Users/fcojriosbello/.fastlane/bin:/usr/local/share/npm/bin:/Library/Frameworks/Python.framework/Versions/3.5/bin:/usr/local/bin:/usr/bin:/bin:/usr/sbin:/sbin:/opt/X11/bin:/usr/local/go/bin:/Users/fcojriosbello/.yarn/bin:/usr/local/node_modules/bin:/Users/fcojriosbello/Library/Android/sdk/platform-tools/:/usr/local/node_modules/bin
10 verbose lifecycle bigfoot-discovery@0.0.1~start: CWD: /Users/fcojriosbello/Documents/Development/bigfoot-switch
11 silly lifecycle bigfoot-discovery@0.0.1~start: Args: [ '-c', 'node index.js' ]
12 silly lifecycle bigfoot-discovery@0.0.1~start: Returned: code: 1  signal: null
13 info lifecycle bigfoot-discovery@0.0.1~start: Failed to exec start script
14 verbose stack Error: bigfoot-discovery@0.0.1 start: `node index.js`
14 verbose stack Exit status 1
14 verbose stack     at EventEmitter.<anonymous> (/usr/local/lib/node_modules/npm/lib/utils/lifecycle.js:279:16)
14 verbose stack     at emitTwo (events.js:106:13)
14 verbose stack     at EventEmitter.emit (events.js:191:7)
14 verbose stack     at ChildProcess.<anonymous> (/usr/local/lib/node_modules/npm/lib/utils/spawn.js:40:14)
14 verbose stack     at emitTwo (events.js:106:13)
14 verbose stack     at ChildProcess.emit (events.js:191:7)
14 verbose stack     at maybeClose (internal/child_process.js:885:16)
14 verbose stack     at Process.ChildProcess._handle.onexit (internal/child_process.js:226:5)
15 verbose pkgid bigfoot-discovery@0.0.1
16 verbose cwd /Users/fcojriosbello/Documents/Development/bigfoot-switch
17 error Darwin 16.6.0
18 error argv "/usr/local/bin/node" "/usr/local/bin/npm" "start"
19 error node v7.4.0
20 error npm  v4.0.5
21 error code ELIFECYCLE
22 error bigfoot-discovery@0.0.1 start: `node index.js`
22 error Exit status 1
23 error Failed at the bigfoot-discovery@0.0.1 start script 'node index.js'.
23 error Make sure you have the latest version of node.js and npm installed.
23 error If you do, this is most likely a problem with the bigfoot-discovery package,
23 error not with npm itself.
23 error Tell the author that this fails on your system:
23 error     node index.js
23 error You can get information on how to open an issue for this project with:
23 error     npm bugs bigfoot-discovery
23 error Or if that isn't available, you can get their info via:
23 error     npm owner ls bigfoot-discovery
23 error There is likely additional logging output above.
24 verbose exit [ 1, true ]
